<?xml version="1.0" encoding="UTF-8"?>
<testng-results skipped="0" failed="0" ignored="0" total="1" passed="1">
  <reporter-output>
    <line>
      <![CDATA[Starting the Suite (onStart Suite): inviteContacts]]>
    </line>
    <line>
      <![CDATA[About to begin executing following method (beforeInvocation): flockClient.inviteContacts => beforeSuite]]>
    </line>
    <line>
      <![CDATA[Finished executing the following method (afterInvocation): flockClient.inviteContacts => beforeSuite]]>
    </line>
    <line>
      <![CDATA[Starting <test> tag with name(onStart Test): Chorme Browser]]>
    </line>
    <line>
      <![CDATA[The following methods from the <test> tag will be executed: ]]>
    </line>
    <line>
      <![CDATA[appMenuInvite]]>
    </line>
    <line>
      <![CDATA[About to begin executing following method (beforeInvocation): flockClient.inviteContacts => beforeTest]]>
    </line>
    <line>
      <![CDATA[Finished executing the following method (afterInvocation): flockClient.inviteContacts => beforeTest]]>
    </line>
    <line>
      <![CDATA[About to begin executing following method (beforeInvocation): flockClient.inviteContacts => beforeClass]]>
    </line>
    <line>
      <![CDATA[Finished executing the following method (afterInvocation): flockClient.inviteContacts => beforeClass]]>
    </line>
    <line>
      <![CDATA[Starting Test (onTestStart): appMenuInvite]]>
    </line>
    <line>
      <![CDATA[About to begin executing following method (beforeInvocation): flockClient.inviteContacts => appMenuInvite]]>
    </line>
    <line>
      <![CDATA[Finished executing the following method (afterInvocation): flockClient.inviteContacts => appMenuInvite]]>
    </line>
    <line>
      <![CDATA[Successful Test (onTestSuccess): appMenuInvite]]>
    </line>
    <line>
      <![CDATA[About to begin executing following method (beforeInvocation): flockClient.inviteContacts => afterClass]]>
    </line>
    <line>
      <![CDATA[Finished executing the following method (afterInvocation): flockClient.inviteContacts => afterClass]]>
    </line>
    <line>
      <![CDATA[About to begin executing following method (beforeInvocation): flockClient.inviteContacts => afterTest]]>
    </line>
    <line>
      <![CDATA[Finished executing the following method (afterInvocation): flockClient.inviteContacts => afterTest]]>
    </line>
    <line>
      <![CDATA[About to begin executing following method (beforeInvocation): flockClient.inviteContacts => afterSuite]]>
    </line>
    <line>
      <![CDATA[Finished executing the following method (afterInvocation): flockClient.inviteContacts => afterSuite]]>
    </line>
  </reporter-output>
  <suite name="inviteContacts" duration-ms="99637" started-at="2017-08-10T13:52:18Z" finished-at="2017-08-10T13:53:57Z">
    <groups>
    </groups>
    <test name="Chorme Browser" duration-ms="99637" started-at="2017-08-10T13:52:18Z" finished-at="2017-08-10T13:53:57Z">
      <class name="flockClient.inviteContacts">
        <test-method status="PASS" signature="beforeSuite()[pri:0, instance:flockClient.inviteContacts@6a03bcb1]" name="beforeSuite" is-config="true" duration-ms="10" started-at="2017-08-10T19:22:18Z" finished-at="2017-08-10T19:22:18Z">
          <reporter-output>
            <line>
              <![CDATA[Finished executing the following method (afterInvocation): flockClient.inviteContacts => beforeSuite]]>
            </line>
          </reporter-output>
        </test-method> <!-- beforeSuite -->
        <test-method status="PASS" signature="beforeTest(java.lang.String)[pri:0, instance:flockClient.inviteContacts@6a03bcb1]" name="beforeTest" is-config="true" duration-ms="12011" started-at="2017-08-10T19:22:18Z" finished-at="2017-08-10T19:22:30Z">
          <params>
            <param index="0">
              <value>
                <![CDATA[chrome]]>
              </value>
            </param>
          </params>
          <reporter-output>
            <line>
              <![CDATA[Finished executing the following method (afterInvocation): flockClient.inviteContacts => beforeTest]]>
            </line>
          </reporter-output>
        </test-method> <!-- beforeTest -->
        <test-method status="PASS" signature="beforeClass()[pri:0, instance:flockClient.inviteContacts@6a03bcb1]" name="beforeClass" is-config="true" duration-ms="73613" started-at="2017-08-10T19:22:30Z" finished-at="2017-08-10T19:23:43Z">
          <reporter-output>
            <line>
              <![CDATA[Finished executing the following method (afterInvocation): flockClient.inviteContacts => beforeClass]]>
            </line>
          </reporter-output>
        </test-method> <!-- beforeClass -->
        <test-method status="PASS" signature="appMenuInvite()[pri:1, instance:flockClient.inviteContacts@6a03bcb1]" name="appMenuInvite" duration-ms="405" started-at="2017-08-10T19:23:43Z" finished-at="2017-08-10T19:23:44Z">
          <reporter-output>
            <line>
              <![CDATA[Starting Test (onTestStart): appMenuInvite]]>
            </line>
            <line>
              <![CDATA[About to begin executing following method (beforeInvocation): flockClient.inviteContacts => appMenuInvite]]>
            </line>
            <line>
              <![CDATA[Finished executing the following method (afterInvocation): flockClient.inviteContacts => appMenuInvite]]>
            </line>
            <line>
              <![CDATA[Successful Test (onTestSuccess): appMenuInvite]]>
            </line>
          </reporter-output>
        </test-method> <!-- appMenuInvite -->
        <test-method status="PASS" signature="afterClass()[pri:0, instance:flockClient.inviteContacts@6a03bcb1]" name="afterClass" is-config="true" duration-ms="8799" started-at="2017-08-10T19:23:44Z" finished-at="2017-08-10T19:23:53Z">
          <reporter-output>
            <line>
              <![CDATA[Finished executing the following method (afterInvocation): flockClient.inviteContacts => afterClass]]>
            </line>
          </reporter-output>
        </test-method> <!-- afterClass -->
        <test-method status="PASS" signature="afterTest()[pri:0, instance:flockClient.inviteContacts@6a03bcb1]" name="afterTest" is-config="true" duration-ms="4786" started-at="2017-08-10T19:23:53Z" finished-at="2017-08-10T19:23:57Z">
          <reporter-output>
            <line>
              <![CDATA[Finished executing the following method (afterInvocation): flockClient.inviteContacts => afterTest]]>
            </line>
          </reporter-output>
        </test-method> <!-- afterTest -->
        <test-method status="PASS" signature="afterSuite()[pri:0, instance:flockClient.inviteContacts@6a03bcb1]" name="afterSuite" is-config="true" duration-ms="1" started-at="2017-08-10T19:23:57Z" finished-at="2017-08-10T19:23:57Z">
          <reporter-output>
            <line>
              <![CDATA[Finished executing the following method (afterInvocation): flockClient.inviteContacts => afterSuite]]>
            </line>
          </reporter-output>
        </test-method> <!-- afterSuite -->
      </class> <!-- flockClient.inviteContacts -->
    </test> <!-- Chorme Browser -->
  </suite> <!-- inviteContacts -->
</testng-results>
