<?xml version="1.0" encoding="UTF-8"?>
<testng-results skipped="0" failed="0" ignored="0" total="2" passed="2">
  <reporter-output>
    <line>
      <![CDATA[Starting the Suite (onStart Suite): settingDropDown]]>
    </line>
    <line>
      <![CDATA[About to begin executing following method (beforeInvocation): flockClient.settingDropDown => beforeSuite]]>
    </line>
    <line>
      <![CDATA[Finished executing the following method (afterInvocation): flockClient.settingDropDown => beforeSuite]]>
    </line>
    <line>
      <![CDATA[Starting <test> tag with name(onStart Test): Chorme Browser]]>
    </line>
    <line>
      <![CDATA[The following methods from the <test> tag will be executed: ]]>
    </line>
    <line>
      <![CDATA[DND]]>
    </line>
    <line>
      <![CDATA[notificationPreference]]>
    </line>
    <line>
      <![CDATA[About to begin executing following method (beforeInvocation): flockClient.settingDropDown => beforeTest]]>
    </line>
    <line>
      <![CDATA[Finished executing the following method (afterInvocation): flockClient.settingDropDown => beforeTest]]>
    </line>
    <line>
      <![CDATA[About to begin executing following method (beforeInvocation): flockClient.settingDropDown => beforeClass]]>
    </line>
    <line>
      <![CDATA[Finished executing the following method (afterInvocation): flockClient.settingDropDown => beforeClass]]>
    </line>
    <line>
      <![CDATA[Starting Test (onTestStart): DND]]>
    </line>
    <line>
      <![CDATA[About to begin executing following method (beforeInvocation): flockClient.settingDropDown => DND]]>
    </line>
    <line>
      <![CDATA[Finished executing the following method (afterInvocation): flockClient.settingDropDown => DND]]>
    </line>
    <line>
      <![CDATA[Successful Test (onTestSuccess): DND]]>
    </line>
    <line>
      <![CDATA[Starting Test (onTestStart): notificationPreference]]>
    </line>
    <line>
      <![CDATA[About to begin executing following method (beforeInvocation): flockClient.settingDropDown => notificationPreference]]>
    </line>
    <line>
      <![CDATA[Finished executing the following method (afterInvocation): flockClient.settingDropDown => notificationPreference]]>
    </line>
    <line>
      <![CDATA[Successful Test (onTestSuccess): notificationPreference]]>
    </line>
    <line>
      <![CDATA[About to begin executing following method (beforeInvocation): flockClient.settingDropDown => afterClass]]>
    </line>
    <line>
      <![CDATA[Finished executing the following method (afterInvocation): flockClient.settingDropDown => afterClass]]>
    </line>
    <line>
      <![CDATA[About to begin executing following method (beforeInvocation): flockClient.settingDropDown => afterTest]]>
    </line>
    <line>
      <![CDATA[Finished executing the following method (afterInvocation): flockClient.settingDropDown => afterTest]]>
    </line>
    <line>
      <![CDATA[About to begin executing following method (beforeInvocation): flockClient.settingDropDown => afterSuite]]>
    </line>
    <line>
      <![CDATA[Finished executing the following method (afterInvocation): flockClient.settingDropDown => afterSuite]]>
    </line>
  </reporter-output>
  <suite name="settingDropDown" duration-ms="126350" started-at="2017-08-11T12:20:54Z" finished-at="2017-08-11T12:23:00Z">
    <groups>
    </groups>
    <test name="Chorme Browser" duration-ms="126350" started-at="2017-08-11T12:20:54Z" finished-at="2017-08-11T12:23:00Z">
      <class name="flockClient.settingDropDown">
        <test-method status="PASS" signature="beforeSuite()[pri:0, instance:flockClient.settingDropDown@6a03bcb1]" name="beforeSuite" is-config="true" duration-ms="14" started-at="2017-08-11T17:50:54Z" finished-at="2017-08-11T17:50:54Z">
          <reporter-output>
            <line>
              <![CDATA[Finished executing the following method (afterInvocation): flockClient.settingDropDown => beforeSuite]]>
            </line>
          </reporter-output>
        </test-method> <!-- beforeSuite -->
        <test-method status="PASS" signature="beforeTest(java.lang.String)[pri:0, instance:flockClient.settingDropDown@6a03bcb1]" name="beforeTest" is-config="true" duration-ms="11321" started-at="2017-08-11T17:50:54Z" finished-at="2017-08-11T17:51:05Z">
          <params>
            <param index="0">
              <value>
                <![CDATA[chrome]]>
              </value>
            </param>
          </params>
          <reporter-output>
            <line>
              <![CDATA[Finished executing the following method (afterInvocation): flockClient.settingDropDown => beforeTest]]>
            </line>
          </reporter-output>
        </test-method> <!-- beforeTest -->
        <test-method status="PASS" signature="beforeClass()[pri:0, instance:flockClient.settingDropDown@6a03bcb1]" name="beforeClass" is-config="true" duration-ms="55474" started-at="2017-08-11T17:51:05Z" finished-at="2017-08-11T17:52:01Z">
          <reporter-output>
            <line>
              <![CDATA[Finished executing the following method (afterInvocation): flockClient.settingDropDown => beforeClass]]>
            </line>
          </reporter-output>
        </test-method> <!-- beforeClass -->
        <test-method status="PASS" signature="DND()[pri:0, instance:flockClient.settingDropDown@6a03bcb1]" name="DND" duration-ms="9243" started-at="2017-08-11T17:52:01Z" finished-at="2017-08-11T17:52:10Z">
          <reporter-output>
            <line>
              <![CDATA[Starting Test (onTestStart): DND]]>
            </line>
            <line>
              <![CDATA[About to begin executing following method (beforeInvocation): flockClient.settingDropDown => DND]]>
            </line>
            <line>
              <![CDATA[Finished executing the following method (afterInvocation): flockClient.settingDropDown => DND]]>
            </line>
            <line>
              <![CDATA[Successful Test (onTestSuccess): DND]]>
            </line>
          </reporter-output>
        </test-method> <!-- DND -->
        <test-method status="PASS" signature="notificationPreference()[pri:0, instance:flockClient.settingDropDown@6a03bcb1]" name="notificationPreference" duration-ms="4024" started-at="2017-08-11T17:52:10Z" finished-at="2017-08-11T17:52:14Z">
          <reporter-output>
            <line>
              <![CDATA[Starting Test (onTestStart): notificationPreference]]>
            </line>
            <line>
              <![CDATA[About to begin executing following method (beforeInvocation): flockClient.settingDropDown => notificationPreference]]>
            </line>
            <line>
              <![CDATA[Finished executing the following method (afterInvocation): flockClient.settingDropDown => notificationPreference]]>
            </line>
            <line>
              <![CDATA[Successful Test (onTestSuccess): notificationPreference]]>
            </line>
          </reporter-output>
        </test-method> <!-- notificationPreference -->
        <test-method status="PASS" signature="afterClass()[pri:0, instance:flockClient.settingDropDown@6a03bcb1]" name="afterClass" is-config="true" duration-ms="41445" started-at="2017-08-11T17:52:14Z" finished-at="2017-08-11T17:52:56Z">
          <reporter-output>
            <line>
              <![CDATA[Finished executing the following method (afterInvocation): flockClient.settingDropDown => afterClass]]>
            </line>
          </reporter-output>
        </test-method> <!-- afterClass -->
        <test-method status="PASS" signature="afterTest()[pri:0, instance:flockClient.settingDropDown@6a03bcb1]" name="afterTest" is-config="true" duration-ms="4497" started-at="2017-08-11T17:52:56Z" finished-at="2017-08-11T17:53:00Z">
          <reporter-output>
            <line>
              <![CDATA[Finished executing the following method (afterInvocation): flockClient.settingDropDown => afterTest]]>
            </line>
          </reporter-output>
        </test-method> <!-- afterTest -->
        <test-method status="PASS" signature="afterSuite()[pri:0, instance:flockClient.settingDropDown@6a03bcb1]" name="afterSuite" is-config="true" duration-ms="0" started-at="2017-08-11T17:53:00Z" finished-at="2017-08-11T17:53:00Z">
          <reporter-output>
            <line>
              <![CDATA[Finished executing the following method (afterInvocation): flockClient.settingDropDown => afterSuite]]>
            </line>
          </reporter-output>
        </test-method> <!-- afterSuite -->
      </class> <!-- flockClient.settingDropDown -->
    </test> <!-- Chorme Browser -->
  </suite> <!-- settingDropDown -->
</testng-results>
